2019-01-14 13:56:30 下午 [Thread: main][ Class:org.springframework.context.support.ClassPathXmlApplicationContext >> Method: org.springframework.context.support.AbstractApplicationContext.prepareRefresh(AbstractApplicationContext.java:582) ]
INFO:Refreshing org.springframework.context.support.ClassPathXmlApplicationContext@d70c109: startup date [Mon Jan 14 13:56:30 CST 2019]; root of context hierarchy
2019-01-14 13:56:30 下午 [Thread: main][ Class:org.springframework.beans.factory.xml.XmlBeanDefinitionReader >> Method: org.springframework.beans.factory.xml.XmlBeanDefinitionReader.loadBeanDefinitions(XmlBeanDefinitionReader.java:317) ]
INFO:Loading XML bean definitions from class path resource [applicationContext.xml]
2019-01-14 13:56:30 下午 [Thread: main][ Class:org.springframework.context.support.ClassPathXmlApplicationContext >> Method: org.springframework.context.support.AbstractApplicationContext.refresh(AbstractApplicationContext.java:550) ]
WARN:Exception encountered during context initialization - cancelling refresh attempt: org.springframework.beans.factory.CannotLoadBeanClassException: Cannot find class [com.xk.aop.MyAfterReturningAdvice] for bean with name 'myAfterReturningAdvice' defined in class path resource [applicationContext.xml]; nested exception is java.lang.ClassNotFoundException: com.xk.aop.MyAfterReturningAdvice
2019-01-14 14:01:35 下午 [Thread: main][ Class:org.springframework.context.support.ClassPathXmlApplicationContext >> Method: org.springframework.context.support.AbstractApplicationContext.prepareRefresh(AbstractApplicationContext.java:582) ]
INFO:Refreshing org.springframework.context.support.ClassPathXmlApplicationContext@d70c109: startup date [Mon Jan 14 14:01:35 CST 2019]; root of context hierarchy
2019-01-14 14:01:36 下午 [Thread: main][ Class:org.springframework.beans.factory.xml.XmlBeanDefinitionReader >> Method: org.springframework.beans.factory.xml.XmlBeanDefinitionReader.loadBeanDefinitions(XmlBeanDefinitionReader.java:317) ]
INFO:Loading XML bean definitions from class path resource [applicationContext.xml]
2019-01-14 14:01:36 下午 [Thread: main][ Class:org.springframework.context.support.ClassPathXmlApplicationContext >> Method: org.springframework.context.support.AbstractApplicationContext.refresh(AbstractApplicationContext.java:550) ]
WARN:Exception encountered during context initialization - cancelling refresh attempt: org.springframework.beans.factory.CannotLoadBeanClassException: Cannot find class [com.xk.aop.MyAfterReturningAdvice] for bean with name 'myAfterReturningAdvice' defined in class path resource [applicationContext.xml]; nested exception is java.lang.ClassNotFoundException: com.xk.aop.MyAfterReturningAdvice
2019-01-14 14:02:09 下午 [Thread: main][ Class:org.springframework.context.support.ClassPathXmlApplicationContext >> Method: org.springframework.context.support.AbstractApplicationContext.prepareRefresh(AbstractApplicationContext.java:582) ]
INFO:Refreshing org.springframework.context.support.ClassPathXmlApplicationContext@d70c109: startup date [Mon Jan 14 14:02:09 CST 2019]; root of context hierarchy
2019-01-14 14:02:09 下午 [Thread: main][ Class:org.springframework.beans.factory.xml.XmlBeanDefinitionReader >> Method: org.springframework.beans.factory.xml.XmlBeanDefinitionReader.loadBeanDefinitions(XmlBeanDefinitionReader.java:317) ]
INFO:Loading XML bean definitions from class path resource [applicationContext.xml]
2019-01-14 14:02:09 下午 [Thread: main][ Class:org.springframework.context.support.ClassPathXmlApplicationContext >> Method: org.springframework.context.support.AbstractApplicationContext.refresh(AbstractApplicationContext.java:550) ]
WARN:Exception encountered during context initialization - cancelling refresh attempt: org.springframework.beans.factory.CannotLoadBeanClassException: Cannot find class [com.xk.aop.MyAfterReturningAdvice] for bean with name 'myAfterReturningAdvice' defined in class path resource [applicationContext.xml]; nested exception is java.lang.ClassNotFoundException: com.xk.aop.MyAfterReturningAdvice
2019-01-14 14:02:53 下午 [Thread: main][ Class:org.springframework.context.support.ClassPathXmlApplicationContext >> Method: org.springframework.context.support.AbstractApplicationContext.prepareRefresh(AbstractApplicationContext.java:582) ]
INFO:Refreshing org.springframework.context.support.ClassPathXmlApplicationContext@d70c109: startup date [Mon Jan 14 14:02:53 CST 2019]; root of context hierarchy
2019-01-14 14:02:53 下午 [Thread: main][ Class:org.springframework.beans.factory.xml.XmlBeanDefinitionReader >> Method: org.springframework.beans.factory.xml.XmlBeanDefinitionReader.loadBeanDefinitions(XmlBeanDefinitionReader.java:317) ]
INFO:Loading XML bean definitions from class path resource [applicationContext.xml]
2019-01-14 14:02:54 下午 [Thread: main][ Class:org.springframework.context.support.ClassPathXmlApplicationContext >> Method: org.springframework.context.support.AbstractApplicationContext.refresh(AbstractApplicationContext.java:550) ]
WARN:Exception encountered during context initialization - cancelling refresh attempt: org.springframework.beans.factory.CannotLoadBeanClassException: Cannot find class [com.xk.aop.MyAfterReturningAdvice] for bean with name 'myAfterReturningAdvice' defined in class path resource [applicationContext.xml]; nested exception is java.lang.ClassNotFoundException: com.xk.aop.MyAfterReturningAdvice
